app/build/outputs/apk/manifest-merger-debug-report.txt
-- Merging decision tree log ---
manifest
ADDED from AndroidManifest.xml:2:1
	xmlns:android
		ADDED from AndroidManifest.xml:2:11
	package
		ADDED from AndroidManifest.xml:3:5
		INJECTED from AndroidManifest.xml:0:0
		INJECTED from AndroidManifest.xml:0:0
	android:versionName
		ADDED from AndroidManifest.xml:5:5
	android:versionCode
		ADDED from AndroidManifest.xml:4:5
		INJECTED from AndroidManifest.xml:0:0
		INJECTED from AndroidManifest.xml:0:0
uses-sdk
ADDED from AndroidManifest.xml:7:5
MERGED from com.android.support:appcompat-v7:20.0.0:16:5
MERGED from com.android.support:support-v4:20.0.0:16:5
MERGED from com.android.support:support-v4:20.0.0:16:5
	android:targetSdkVersion
		ADDED from AndroidManifest.xml:9:9
		INJECTED from AndroidManifest.xml:0:0
		INJECTED from AndroidManifest.xml:0:0
	android:minSdkVersion
		ADDED from AndroidManifest.xml:8:9
		INJECTED from AndroidManifest.xml:0:0
		INJECTED from AndroidManifest.xml:0:0
uses-permission#android.permission.INTERNET
ADDED from AndroidManifest.xml:11:5
	android:name
		ADDED from AndroidManifest.xml:11:22
uses-permission#android.permission.WRITE_EXTERNAL_STORAGE
ADDED from AndroidManifest.xml:12:5
	android:maxSdkVersion
		ADDED from AndroidManifest.xml:14:9
	android:name
		ADDED from AndroidManifest.xml:13:9
uses-permission#android.permission.READ_PHONE_STATE
ADDED from AndroidManifest.xml:15:5
	android:name
		ADDED from AndroidManifest.xml:15:22
uses-permission#android.permission.READ_EXTERNAL_STORAGE
ADDED from AndroidManifest.xml:16:5
	android:maxSdkVersion
		ADDED from AndroidManifest.xml:18:9
	android:name
		ADDED from AndroidManifest.xml:17:9
application
ADDED from AndroidManifest.xml:20:5
MERGED from com.android.support:appcompat-v7:20.0.0:17:5
MERGED from com.android.support:support-v4:20.0.0:17:5
MERGED from com.android.support:support-v4:20.0.0:17:5
	android:label
		ADDED from AndroidManifest.xml:23:9
	android:allowBackup
		ADDED from AndroidManifest.xml:21:9
	android:icon
		ADDED from AndroidManifest.xml:22:9
	android:theme
		ADDED from AndroidManifest.xml:24:9
activity#com.example.teacherspet.control.LoginActivity
ADDED from AndroidManifest.xml:27:9
	android:windowSoftInputMode
		ADDED from AndroidManifest.xml:31:13
	android:screenOrientation
		ADDED from AndroidManifest.xml:30:13
	android:label
		ADDED from AndroidManifest.xml:29:13
	android:name
		ADDED from AndroidManifest.xml:28:13
activity#com.example.teacherspet.control.HomeActivity
ADDED from AndroidManifest.xml:33:9
	android:windowSoftInputMode
		ADDED from AndroidManifest.xml:37:13
	android:screenOrientation
		ADDED from AndroidManifest.xml:36:13
	android:label
		ADDED from AndroidManifest.xml:35:13
	android:name
		ADDED from AndroidManifest.xml:34:13
activity#com.example.teacherspet.control.NewUserActivity
ADDED from AndroidManifest.xml:39:9
	android:windowSoftInputMode
		ADDED from AndroidManifest.xml:43:13
	android:screenOrientation
		ADDED from AndroidManifest.xml:42:13
	android:label
		ADDED from AndroidManifest.xml:41:13
	android:name
		ADDED from AndroidManifest.xml:40:13
activity#com.example.teacherspet.control.AlertsActivity
ADDED from AndroidManifest.xml:45:9
	android:windowSoftInputMode
		ADDED from AndroidManifest.xml:49:13
	android:screenOrientation
		ADDED from AndroidManifest.xml:48:13
	android:label
		ADDED from AndroidManifest.xml:47:13
	android:name
		ADDED from AndroidManifest.xml:46:13
activity#com.example.teacherspet.control.CoursesActivity
ADDED from AndroidManifest.xml:51:9
	android:windowSoftInputMode
		ADDED from AndroidManifest.xml:55:13
	android:screenOrientation
		ADDED from AndroidManifest.xml:54:13
	android:label
		ADDED from AndroidManifest.xml:53:13
	android:name
		ADDED from AndroidManifest.xml:52:13
activity#com.example.teacherspet.control.ScheduleActivity
ADDED from AndroidManifest.xml:57:9
	android:windowSoftInputMode
		ADDED from AndroidManifest.xml:61:13
	android:screenOrientation
		ADDED from AndroidManifest.xml:60:13
	android:label
		ADDED from AndroidManifest.xml:59:13
	android:name
		ADDED from AndroidManifest.xml:58:13
activity#com.example.teacherspet.control.CourseActivity
ADDED from AndroidManifest.xml:63:9
	android:windowSoftInputMode
		ADDED from AndroidManifest.xml:67:13
	android:screenOrientation
		ADDED from AndroidManifest.xml:66:13
	android:label
		ADDED from AndroidManifest.xml:65:13
	android:name
		ADDED from AndroidManifest.xml:64:13
activity#com.example.teacherspet.control.AddCoursePActivity
ADDED from AndroidManifest.xml:69:9
	android:windowSoftInputMode
		ADDED from AndroidManifest.xml:73:13
	android:screenOrientation
		ADDED from AndroidManifest.xml:72:13
	android:label
		ADDED from AndroidManifest.xml:71:13
	android:name
		ADDED from AndroidManifest.xml:70:13
activity#com.example.teacherspet.control.AddCourseSActivity
ADDED from AndroidManifest.xml:75:9
	android:windowSoftInputMode
		ADDED from AndroidManifest.xml:79:13
	android:screenOrientation
		ADDED from AndroidManifest.xml:78:13
	android:label
		ADDED from AndroidManifest.xml:77:13
	android:name
		ADDED from AndroidManifest.xml:76:13
activity#com.example.teacherspet.control.ForgotLoginActivity
ADDED from AndroidManifest.xml:81:9
	android:windowSoftInputMode
		ADDED from AndroidManifest.xml:85:13
	android:screenOrientation
		ADDED from AndroidManifest.xml:84:13
	android:label
		ADDED from AndroidManifest.xml:83:13
	android:name
		ADDED from AndroidManifest.xml:82:13
activity#com.example.teacherspet.control.AssignmentsActivity
ADDED from AndroidManifest.xml:87:9
	android:windowSoftInputMode
		ADDED from AndroidManifest.xml:91:13
	android:screenOrientation
		ADDED from AndroidManifest.xml:90:13
	android:label
		ADDED from AndroidManifest.xml:89:13
	android:name
		ADDED from AndroidManifest.xml:88:13
activity#com.example.teacherspet.control.StudentsActivity
ADDED from AndroidManifest.xml:93:9
	android:windowSoftInputMode
		ADDED from AndroidManifest.xml:97:13
	android:screenOrientation
		ADDED from AndroidManifest.xml:96:13
	android:label
		ADDED from AndroidManifest.xml:95:13
	android:name
		ADDED from AndroidManifest.xml:94:13
activity#com.example.teacherspet.control.AttendancePActivity
ADDED from AndroidManifest.xml:99:9
	android:windowSoftInputMode
		ADDED from AndroidManifest.xml:103:13
	android:screenOrientation
		ADDED from AndroidManifest.xml:102:13
	android:label
		ADDED from AndroidManifest.xml:101:13
	android:name
		ADDED from AndroidManifest.xml:100:13
activity#com.example.teacherspet.control.AttendanceSActivity
ADDED from AndroidManifest.xml:105:9
	android:windowSoftInputMode
		ADDED from AndroidManifest.xml:109:13
	android:screenOrientation
		ADDED from AndroidManifest.xml:108:13
	android:label
		ADDED from AndroidManifest.xml:107:13
	android:name
		ADDED from AndroidManifest.xml:106:13
activity#com.example.teacherspet.control.GradesPActivity
ADDED from AndroidManifest.xml:111:9
	android:windowSoftInputMode
		ADDED from AndroidManifest.xml:115:13
	android:screenOrientation
		ADDED from AndroidManifest.xml:114:13
	android:label
		ADDED from AndroidManifest.xml:113:13
	android:name
		ADDED from AndroidManifest.xml:112:13
activity#com.example.teacherspet.control.GradesSActivity
ADDED from AndroidManifest.xml:117:9
	android:windowSoftInputMode
		ADDED from AndroidManifest.xml:121:13
	android:screenOrientation
		ADDED from AndroidManifest.xml:120:13
	android:label
		ADDED from AndroidManifest.xml:119:13
	android:name
		ADDED from AndroidManifest.xml:118:13
activity#com.example.teacherspet.view.LabActivity
ADDED from AndroidManifest.xml:125:9
	android:windowSoftInputMode
		ADDED from AndroidManifest.xml:129:13
	android:screenOrientation
		ADDED from AndroidManifest.xml:128:13
	android:label
		ADDED from AndroidManifest.xml:127:13
	android:name
		ADDED from AndroidManifest.xml:126:13
activity#com.example.teacherspet.view.InformationActivity
ADDED from AndroidManifest.xml:131:9
	android:windowSoftInputMode
		ADDED from AndroidManifest.xml:135:13
	android:screenOrientation
		ADDED from AndroidManifest.xml:134:13
	android:label
		ADDED from AndroidManifest.xml:133:13
	android:name
		ADDED from AndroidManifest.xml:132:13
activity#com.example.teacherspet.model.SelectedItem
ADDED from AndroidManifest.xml:139:9
	android:windowSoftInputMode
		ADDED from AndroidManifest.xml:143:13
	android:screenOrientation
		ADDED from AndroidManifest.xml:142:13
	android:label
		ADDED from AndroidManifest.xml:141:13
	android:name
		ADDED from AndroidManifest.xml:140:13
activity#com.example.teacherspet.model.Alert
ADDED from AndroidManifest.xml:145:9
	android:windowSoftInputMode
		ADDED from AndroidManifest.xml:149:13
	android:screenOrientation
		ADDED from AndroidManifest.xml:148:13
	android:label
		ADDED from AndroidManifest.xml:147:13
	android:name
		ADDED from AndroidManifest.xml:146:13
activity#com.example.teacherspet.model.GetItemActivity
ADDED from AndroidManifest.xml:151:9
	android:windowSoftInputMode
		ADDED from AndroidManifest.xml:155:13
	android:screenOrientation
		ADDED from AndroidManifest.xml:154:13
	android:label
		ADDED from AndroidManifest.xml:153:13
	android:name
		ADDED from AndroidManifest.xml:152:13
activity#com.example.teacherspet.model.PostItemActivity
ADDED from AndroidManifest.xml:157:9
	android:windowSoftInputMode
		ADDED from AndroidManifest.xml:161:13
	android:screenOrientation
		ADDED from AndroidManifest.xml:160:13
	android:label
		ADDED from AndroidManifest.xml:159:13
	android:name
		ADDED from AndroidManifest.xml:158:13
activity#com.example.teacherspet.model.StudentAlertActivity
ADDED from AndroidManifest.xml:163:9
	android:windowSoftInputMode
		ADDED from AndroidManifest.xml:167:13
	android:screenOrientation
		ADDED from AndroidManifest.xml:166:13
	android:label
		ADDED from AndroidManifest.xml:165:13
	android:name
		ADDED from AndroidManifest.xml:164:13
activity#com.example.teacherspet.model.DeleteAlertActivity
ADDED from AndroidManifest.xml:169:9
	android:windowSoftInputMode
		ADDED from AndroidManifest.xml:173:13
	android:screenOrientation
		ADDED from AndroidManifest.xml:172:13
	android:label
		ADDED from AndroidManifest.xml:171:13
	android:name
		ADDED from AndroidManifest.xml:170:13
activity#com.example.teacherspet.model.EnrollStudentActivity
ADDED from AndroidManifest.xml:175:9
	android:windowSoftInputMode
		ADDED from AndroidManifest.xml:179:13
	android:screenOrientation
		ADDED from AndroidManifest.xml:178:13
	android:label
		ADDED from AndroidManifest.xml:177:13
	android:name
		ADDED from AndroidManifest.xml:176:13
activity#com.example.teacherspet.model.RegisterATTN
ADDED from AndroidManifest.xml:181:9
	android:windowSoftInputMode
		ADDED from AndroidManifest.xml:185:13
	android:screenOrientation
		ADDED from AndroidManifest.xml:184:13
	android:label
		ADDED from AndroidManifest.xml:183:13
	android:name
		ADDED from AndroidManifest.xml:182:13
activity#com.example.teacherspet.model.UnRegisterATTN
ADDED from AndroidManifest.xml:187:9
	android:windowSoftInputMode
		ADDED from AndroidManifest.xml:191:13
	android:screenOrientation
		ADDED from AndroidManifest.xml:190:13
	android:label
		ADDED from AndroidManifest.xml:189:13
	android:name
		ADDED from AndroidManifest.xml:188:13
activity#com.example.teacherspet.model.SubmitATTN
ADDED from AndroidManifest.xml:193:9
	android:windowSoftInputMode
		ADDED from AndroidManifest.xml:197:13
	android:screenOrientation
		ADDED from AndroidManifest.xml:196:13
	android:label
		ADDED from AndroidManifest.xml:195:13
	android:name
		ADDED from AndroidManifest.xml:194:13
activity#com.example.teacherspet.view.SplashScreenActivity
ADDED from AndroidManifest.xml:199:9
	android:windowSoftInputMode
		ADDED from AndroidManifest.xml:203:13
	android:screenOrientation
		ADDED from AndroidManifest.xml:202:13
	android:label
		ADDED from AndroidManifest.xml:201:13
	android:name
		ADDED from AndroidManifest.xml:200:13
intent-filter#android.intent.action.MAIN+android.intent.category.LAUNCHER
ADDED from AndroidManifest.xml:204:13
action#android.intent.action.MAIN
ADDED from AndroidManifest.xml:205:17
	android:name
		ADDED from AndroidManifest.xml:205:25
category#android.intent.category.LAUNCHER
ADDED from AndroidManifest.xml:207:17
	android:name
		ADDED from AndroidManifest.xml:207:27
activity#com.example.teacherspet.view.ShowDetailActivity
ADDED from AndroidManifest.xml:210:9
	android:windowSoftInputMode
		ADDED from AndroidManifest.xml:214:13
	android:screenOrientation
		ADDED from AndroidManifest.xml:213:13
	android:label
		ADDED from AndroidManifest.xml:212:13
	android:name
		ADDED from AndroidManifest.xml:211:13
activity#com.example.teacherspet.view.ShowGradesActivity
ADDED from AndroidManifest.xml:216:9
	android:windowSoftInputMode
		ADDED from AndroidManifest.xml:220:13
	android:screenOrientation
		ADDED from AndroidManifest.xml:219:13
	android:label
		ADDED from AndroidManifest.xml:218:13
	android:name
		ADDED from AndroidManifest.xml:217:13
activity#com.example.teacherspet.control.AddAssignmentActivity
ADDED from AndroidManifest.xml:222:9
	android:windowSoftInputMode
		ADDED from AndroidManifest.xml:226:13
	android:screenOrientation
		ADDED from AndroidManifest.xml:225:13
	android:label
		ADDED from AndroidManifest.xml:224:13
	android:name
		ADDED from AndroidManifest.xml:223:13
activity#com.example.teacherspet.view.ShowLabActivity
ADDED from AndroidManifest.xml:228:9
	android:windowSoftInputMode
		ADDED from AndroidManifest.xml:232:13
	android:screenOrientation
		ADDED from AndroidManifest.xml:231:13
	android:label
		ADDED from AndroidManifest.xml:230:13
	android:name
		ADDED from AndroidManifest.xml:229:13
activity#com.example.teacherspet.control.AddCommentActivity
ADDED from AndroidManifest.xml:234:9
	android:windowSoftInputMode
		ADDED from AndroidManifest.xml:238:13
	android:screenOrientation
		ADDED from AndroidManifest.xml:237:13
	android:label
		ADDED from AndroidManifest.xml:236:13
	android:name
		ADDED from AndroidManifest.xml:235:13
activity#com.example.teacherspet.control.DayScheduleActivity
ADDED from AndroidManifest.xml:240:9
	android:windowSoftInputMode
		ADDED from AndroidManifest.xml:244:13
	android:screenOrientation
		ADDED from AndroidManifest.xml:243:13
	android:label
		ADDED from AndroidManifest.xml:242:13
	android:name
		ADDED from AndroidManifest.xml:241:13
activity#com.example.teacherspet.model.GradeAssignmentActivity
ADDED from AndroidManifest.xml:246:9
	android:windowSoftInputMode
		ADDED from AndroidManifest.xml:250:13
	android:screenOrientation
		ADDED from AndroidManifest.xml:249:13
	android:label
		ADDED from AndroidManifest.xml:248:13
	android:name
		ADDED from AndroidManifest.xml:247:13
activity#com.example.teacherspet.model.TakeGradeActivity
ADDED from AndroidManifest.xml:252:9
	android:windowSoftInputMode
		ADDED from AndroidManifest.xml:256:13
	android:screenOrientation
		ADDED from AndroidManifest.xml:255:13
	android:label
		ADDED from AndroidManifest.xml:254:13
	android:name
		ADDED from AndroidManifest.xml:253:13
activity#com.example.teacherspet.view.AttendancePScreenActivity
ADDED from AndroidManifest.xml:258:9
	android:windowSoftInputMode
		ADDED from AndroidManifest.xml:262:13
	android:screenOrientation
		ADDED from AndroidManifest.xml:261:13
	android:label
		ADDED from AndroidManifest.xml:260:13
	android:name
		ADDED from AndroidManifest.xml:259:13
activity#com.example.teacherspet.view.AttendancePSActivity
ADDED from AndroidManifest.xml:264:9
	android:windowSoftInputMode
		ADDED from AndroidManifest.xml:268:13
	android:screenOrientation
		ADDED from AndroidManifest.xml:267:13
	android:label
		ADDED from AndroidManifest.xml:266:13
	android:name
		ADDED from AndroidManifest.xml:265:13
activity#com.example.teacherspet.view.AttendancePRActivity
ADDED from AndroidManifest.xml:270:9
	android:windowSoftInputMode
		ADDED from AndroidManifest.xml:274:13
	android:screenOrientation
		ADDED from AndroidManifest.xml:273:13
	android:label
		ADDED from AndroidManifest.xml:272:13
	android:name
		ADDED from AndroidManifest.xml:271:13